{
"C:\\Users\\kikocuas\\Documents\\Devs\\klaxoon\\test\\unit\\index.ts":{"path":"C:\\Users\\kikocuas\\Documents\\Devs\\klaxoon\\test\\unit\\index.ts","statementMap":{"0":{"start":{"line":3,"column":0},"end":{"line":3,"column":33}},"1":{"start":{"line":5,"column":19},"end":{"line":5,"column":75}},"2":{"start":{"line":6,"column":0},"end":{"line":6,"column":42}},"3":{"start":{"line":10,"column":17},"end":{"line":10,"column":94}},"4":{"start":{"line":11,"column":0},"end":{"line":11,"column":38}}},"fnMap":{},"branchMap":{},"s":{"0":1,"1":1,"2":1,"3":1,"4":1},"f":{},"b":{},"inputSourceMap":{"version":3,"file":"C:\\Users\\kikocuas\\Documents\\Devs\\klaxoon\\test\\unit\\index.ts","sourceRoot":"","sources":["C:\\Users\\kikocuas\\Documents\\Devs\\klaxoon\\test\\unit\\index.ts"],"names":[],"mappings":"AAAA,OAAO,kBAAkB,CAAC;AAC1B,OAAO,GAAG,MAAM,KAAK,CAAC;AAEtB,GAAG,CAAC,MAAM,CAAC,aAAa,GAAG,KAAK,CAAC;AAIjC,yDAAyD;AACzD,IAAM,YAAY,GAAG,OAAO,CAAC,OAAO,CAAC,WAAW,EAAE,IAAI,EAAE,oBAAoB,CAAC,CAAC;AAC9E,YAAY,CAAC,IAAI,EAAE,CAAC,OAAO,CAAC,YAAY,CAAC,CAAC;AAE1C,qDAAqD;AACrD,kEAAkE;AAClE,yBAAyB;AACzB,IAAM,UAAU,GAAG,OAAO,CAAC,OAAO,CAAC,WAAW,EAAE,IAAI,EAAG,yCAAyC,CAAC,CAAC;AAClG,UAAU,CAAC,IAAI,EAAE,CAAC,OAAO,CAAC,UAAU,CAAC,CAAC","sourcesContent":["import \"es6-promise/auto\";\r\nimport Vue from \"vue\";\r\n\r\nVue.config.productionTip = false;\r\n\r\ndeclare const require: any;\r\n\r\n// require all test files (files that ends with .spec.js)\r\nconst testsContext = require.context(\"../../src\", true, /^\\.\\/.*\\.spec\\.ts$/);\r\ntestsContext.keys().forEach(testsContext);\r\n\r\n// require all src files except main.js for coverage.\r\n// you can also change this to match only the subset of files that\r\n// you want coverage for.\r\nconst srcContext = require.context(\"../../src\", true,  /^\\.\\/(components|router|store)\\/.*\\.ts$/);\r\nsrcContext.keys().forEach(srcContext);\r\n"]},"_coverageSchema":"332fd63041d2c1bcb487cc26dd0d5f7d97098a6c","hash":"27ab26c0ef30a6bb5aa4c0b6b85cd0523c9652b7","l":{"3":1,"5":1,"6":1,"10":1,"11":1}},
"C:\\Users\\kikocuas\\Documents\\Devs\\klaxoon\\src\\api\\bookmarks.ts":{"path":"C:\\Users\\kikocuas\\Documents\\Devs\\klaxoon\\src\\api\\bookmarks.ts","statementMap":{"0":{"start":{"line":1,"column":16},"end":{"line":8,"column":1}},"1":{"start":{"line":2,"column":4},"end":{"line":7,"column":7}},"2":{"start":{"line":3,"column":36},"end":{"line":3,"column":97}},"3":{"start":{"line":3,"column":42},"end":{"line":3,"column":70}},"4":{"start":{"line":3,"column":85},"end":{"line":3,"column":95}},"5":{"start":{"line":4,"column":35},"end":{"line":4,"column":100}},"6":{"start":{"line":4,"column":41},"end":{"line":4,"column":73}},"7":{"start":{"line":4,"column":88},"end":{"line":4,"column":98}},"8":{"start":{"line":5,"column":32},"end":{"line":5,"column":149}},"9":{"start":{"line":5,"column":97},"end":{"line":5,"column":119}},"10":{"start":{"line":6,"column":8},"end":{"line":6,"column":78}},"11":{"start":{"line":9,"column":18},"end":{"line":35,"column":1}},"12":{"start":{"line":10,"column":12},"end":{"line":10,"column":104}},"13":{"start":{"line":10,"column":43},"end":{"line":10,"column":68}},"14":{"start":{"line":10,"column":57},"end":{"line":10,"column":68}},"15":{"start":{"line":10,"column":69},"end":{"line":10,"column":81}},"16":{"start":{"line":11,"column":4},"end":{"line":11,"column":157}},"17":{"start":{"line":11,"column":138},"end":{"line":11,"column":150}},"18":{"start":{"line":12,"column":23},"end":{"line":12,"column":68}},"19":{"start":{"line":12,"column":45},"end":{"line":12,"column":65}},"20":{"start":{"line":14,"column":8},"end":{"line":14,"column":70}},"21":{"start":{"line":14,"column":15},"end":{"line":14,"column":70}},"22":{"start":{"line":15,"column":8},"end":{"line":32,"column":66}},"23":{"start":{"line":15,"column":18},"end":{"line":32,"column":66}},"24":{"start":{"line":16,"column":12},"end":{"line":16,"column":127}},"25":{"start":{"line":16,"column":118},"end":{"line":16,"column":127}},"26":{"start":{"line":17,"column":12},"end":{"line":17,"column":44}},"27":{"start":{"line":17,"column":26},"end":{"line":17,"column":44}},"28":{"start":{"line":18,"column":12},"end":{"line":30,"column":13}},"29":{"start":{"line":19,"column":32},"end":{"line":19,"column":39}},"30":{"start":{"line":19,"column":40},"end":{"line":19,"column":46}},"31":{"start":{"line":20,"column":24},"end":{"line":20,"column":34}},"32":{"start":{"line":20,"column":35},"end":{"line":20,"column":72}},"33":{"start":{"line":21,"column":24},"end":{"line":21,"column":34}},"34":{"start":{"line":21,"column":35},"end":{"line":21,"column":45}},"35":{"start":{"line":21,"column":46},"end":{"line":21,"column":55}},"36":{"start":{"line":21,"column":56},"end":{"line":21,"column":65}},"37":{"start":{"line":22,"column":24},"end":{"line":22,"column":41}},"38":{"start":{"line":22,"column":42},"end":{"line":22,"column":55}},"39":{"start":{"line":22,"column":56},"end":{"line":22,"column":65}},"40":{"start":{"line":24,"column":20},"end":{"line":24,"column":128}},"41":{"start":{"line":24,"column":110},"end":{"line":24,"column":116}},"42":{"start":{"line":24,"column":117},"end":{"line":24,"column":126}},"43":{"start":{"line":25,"column":20},"end":{"line":25,"column":106}},"44":{"start":{"line":25,"column":81},"end":{"line":25,"column":97}},"45":{"start":{"line":25,"column":98},"end":{"line":25,"column":104}},"46":{"start":{"line":26,"column":20},"end":{"line":26,"column":89}},"47":{"start":{"line":26,"column":57},"end":{"line":26,"column":72}},"48":{"start":{"line":26,"column":73},"end":{"line":26,"column":80}},"49":{"start":{"line":26,"column":81},"end":{"line":26,"column":87}},"50":{"start":{"line":27,"column":20},"end":{"line":27,"column":87}},"51":{"start":{"line":27,"column":47},"end":{"line":27,"column":62}},"52":{"start":{"line":27,"column":63},"end":{"line":27,"column":78}},"53":{"start":{"line":27,"column":79},"end":{"line":27,"column":85}},"54":{"start":{"line":28,"column":20},"end":{"line":28,"column":42}},"55":{"start":{"line":28,"column":30},"end":{"line":28,"column":42}},"56":{"start":{"line":29,"column":20},"end":{"line":29,"column":33}},"57":{"start":{"line":29,"column":34},"end":{"line":29,"column":43}},"58":{"start":{"line":31,"column":12},"end":{"line":31,"column":39}},"59":{"start":{"line":32,"column":22},"end":{"line":32,"column":34}},"60":{"start":{"line":32,"column":35},"end":{"line":32,"column":41}},"61":{"start":{"line":32,"column":54},"end":{"line":32,"column":64}},"62":{"start":{"line":33,"column":8},"end":{"line":33,"column":35}},"63":{"start":{"line":33,"column":23},"end":{"line":33,"column":35}},"64":{"start":{"line":33,"column":36},"end":{"line":33,"column":89}},"65":{"start":{"line":37,"column":14},"end":{"line":37,"column":31}},"66":{"start":{"line":38,"column":4},"end":{"line":48,"column":5}},"67":{"start":{"line":39,"column":21},"end":{"line":39,"column":38}},"68":{"start":{"line":40,"column":19},"end":{"line":40,"column":27}},"69":{"start":{"line":41,"column":19},"end":{"line":41,"column":29}},"70":{"start":{"line":42,"column":19},"end":{"line":46,"column":9}},"71":{"start":{"line":47,"column":8},"end":{"line":47,"column":25}},"72":{"start":{"line":49,"column":4},"end":{"line":49,"column":17}},"73":{"start":{"line":56,"column":8},"end":{"line":65,"column":11}},"74":{"start":{"line":57,"column":12},"end":{"line":64,"column":15}},"75":{"start":{"line":58,"column":16},"end":{"line":63,"column":24}},"76":{"start":{"line":59,"column":24},"end":{"line":62,"column":32}},"77":{"start":{"line":60,"column":40},"end":{"line":60,"column":52}},"78":{"start":{"line":61,"column":28},"end":{"line":61,"column":43}}},"fnMap":{"0":{"name":"(anonymous_0)","decl":{"start":{"line":1,"column":44},"end":{"line":1,"column":45}},"loc":{"start":{"line":1,"column":89},"end":{"line":8,"column":1}},"line":1},"1":{"name":"(anonymous_1)","decl":{"start":{"line":2,"column":36},"end":{"line":2,"column":37}},"loc":{"start":{"line":2,"column":63},"end":{"line":7,"column":5}},"line":2},"2":{"name":"fulfilled","decl":{"start":{"line":3,"column":17},"end":{"line":3,"column":26}},"loc":{"start":{"line":3,"column":34},"end":{"line":3,"column":99}},"line":3},"3":{"name":"rejected","decl":{"start":{"line":4,"column":17},"end":{"line":4,"column":25}},"loc":{"start":{"line":4,"column":33},"end":{"line":4,"column":102}},"line":4},"4":{"name":"step","decl":{"start":{"line":5,"column":17},"end":{"line":5,"column":21}},"loc":{"start":{"line":5,"column":30},"end":{"line":5,"column":151}},"line":5},"5":{"name":"(anonymous_5)","decl":{"start":{"line":5,"column":76},"end":{"line":5,"column":77}},"loc":{"start":{"line":5,"column":95},"end":{"line":5,"column":121}},"line":5},"6":{"name":"(anonymous_6)","decl":{"start":{"line":9,"column":48},"end":{"line":9,"column":49}},"loc":{"start":{"line":9,"column":73},"end":{"line":35,"column":1}},"line":9},"7":{"name":"(anonymous_7)","decl":{"start":{"line":10,"column":30},"end":{"line":10,"column":31}},"loc":{"start":{"line":10,"column":41},"end":{"line":10,"column":83}},"line":10},"8":{"name":"(anonymous_8)","decl":{"start":{"line":11,"column":125},"end":{"line":11,"column":126}},"loc":{"start":{"line":11,"column":136},"end":{"line":11,"column":152}},"line":11},"9":{"name":"verb","decl":{"start":{"line":12,"column":13},"end":{"line":12,"column":17}},"loc":{"start":{"line":12,"column":21},"end":{"line":12,"column":70}},"line":12},"10":{"name":"(anonymous_10)","decl":{"start":{"line":12,"column":30},"end":{"line":12,"column":31}},"loc":{"start":{"line":12,"column":43},"end":{"line":12,"column":67}},"line":12},"11":{"name":"step","decl":{"start":{"line":13,"column":13},"end":{"line":13,"column":17}},"loc":{"start":{"line":13,"column":22},"end":{"line":34,"column":5}},"line":13},"12":{"name":"populate","decl":{"start":{"line":36,"column":9},"end":{"line":36,"column":17}},"loc":{"start":{"line":36,"column":25},"end":{"line":50,"column":1}},"line":36},"13":{"name":"(anonymous_13)","decl":{"start":{"line":55,"column":11},"end":{"line":55,"column":12}},"loc":{"start":{"line":55,"column":23},"end":{"line":66,"column":5}},"line":55},"14":{"name":"(anonymous_14)","decl":{"start":{"line":56,"column":47},"end":{"line":56,"column":48}},"loc":{"start":{"line":56,"column":59},"end":{"line":65,"column":9}},"line":56},"15":{"name":"(anonymous_15)","decl":{"start":{"line":57,"column":37},"end":{"line":57,"column":38}},"loc":{"start":{"line":57,"column":51},"end":{"line":64,"column":13}},"line":57},"16":{"name":"(anonymous_16)","decl":{"start":{"line":58,"column":50},"end":{"line":58,"column":51}},"loc":{"start":{"line":58,"column":77},"end":{"line":63,"column":21}},"line":58},"17":{"name":"(anonymous_17)","decl":{"start":{"line":59,"column":35},"end":{"line":59,"column":36}},"loc":{"start":{"line":59,"column":47},"end":{"line":62,"column":25}},"line":59}},"branchMap":{"0":{"loc":{"start":{"line":1,"column":16},"end":{"line":8,"column":1}},"type":"binary-expr","locations":[{"start":{"line":1,"column":17},"end":{"line":1,"column":21}},{"start":{"line":1,"column":25},"end":{"line":1,"column":39}},{"start":{"line":1,"column":44},"end":{"line":8,"column":1}}],"line":1},"1":{"loc":{"start":{"line":2,"column":16},"end":{"line":2,"column":34}},"type":"binary-expr","locations":[{"start":{"line":2,"column":16},"end":{"line":2,"column":17}},{"start":{"line":2,"column":22},"end":{"line":2,"column":33}}],"line":2},"2":{"loc":{"start":{"line":5,"column":32},"end":{"line":5,"column":148}},"type":"cond-expr","locations":[{"start":{"line":5,"column":46},"end":{"line":5,"column":67}},{"start":{"line":5,"column":70},"end":{"line":5,"column":148}}],"line":5},"3":{"loc":{"start":{"line":6,"column":51},"end":{"line":6,"column":67}},"type":"binary-expr","locations":[{"start":{"line":6,"column":51},"end":{"line":6,"column":61}},{"start":{"line":6,"column":65},"end":{"line":6,"column":67}}],"line":6},"4":{"loc":{"start":{"line":9,"column":18},"end":{"line":35,"column":1}},"type":"binary-expr","locations":[{"start":{"line":9,"column":19},"end":{"line":9,"column":23}},{"start":{"line":9,"column":27},"end":{"line":9,"column":43}},{"start":{"line":9,"column":48},"end":{"line":35,"column":1}}],"line":9},"5":{"loc":{"start":{"line":10,"column":43},"end":{"line":10,"column":68}},"type":"if","locations":[{"start":{"line":10,"column":43},"end":{"line":10,"column":68}},{"start":{"line":10,"column":43},"end":{"line":10,"column":68}}],"line":10},"6":{"loc":{"start":{"line":11,"column":71},"end":{"line":11,"column":153}},"type":"binary-expr","locations":[{"start":{"line":11,"column":71},"end":{"line":11,"column":99}},{"start":{"line":11,"column":104},"end":{"line":11,"column":152}}],"line":11},"7":{"loc":{"start":{"line":14,"column":8},"end":{"line":14,"column":70}},"type":"if","locations":[{"start":{"line":14,"column":8},"end":{"line":14,"column":70}},{"start":{"line":14,"column":8},"end":{"line":14,"column":70}}],"line":14},"8":{"loc":{"start":{"line":16,"column":12},"end":{"line":16,"column":127}},"type":"if","locations":[{"start":{"line":16,"column":12},"end":{"line":16,"column":127}},{"start":{"line":16,"column":12},"end":{"line":16,"column":127}}],"line":16},"9":{"loc":{"start":{"line":16,"column":23},"end":{"line":16,"column":116}},"type":"binary-expr","locations":[{"start":{"line":16,"column":23},"end":{"line":16,"column":24}},{"start":{"line":16,"column":29},"end":{"line":16,"column":83}},{"start":{"line":16,"column":88},"end":{"line":16,"column":116}}],"line":16},"10":{"loc":{"start":{"line":16,"column":35},"end":{"line":16,"column":82}},"type":"cond-expr","locations":[{"start":{"line":16,"column":47},"end":{"line":16,"column":55}},{"start":{"line":16,"column":58},"end":{"line":16,"column":82}}],"line":16},"11":{"loc":{"start":{"line":16,"column":58},"end":{"line":16,"column":82}},"type":"cond-expr","locations":[{"start":{"line":16,"column":66},"end":{"line":16,"column":73}},{"start":{"line":16,"column":76},"end":{"line":16,"column":82}}],"line":16},"12":{"loc":{"start":{"line":17,"column":12},"end":{"line":17,"column":44}},"type":"if","locations":[{"start":{"line":17,"column":12},"end":{"line":17,"column":44}},{"start":{"line":17,"column":12},"end":{"line":17,"column":44}}],"line":17},"13":{"loc":{"start":{"line":18,"column":12},"end":{"line":30,"column":13}},"type":"switch","locations":[{"start":{"line":19,"column":16},"end":{"line":19,"column":23}},{"start":{"line":19,"column":24},"end":{"line":19,"column":46}},{"start":{"line":20,"column":16},"end":{"line":20,"column":72}},{"start":{"line":21,"column":16},"end":{"line":21,"column":65}},{"start":{"line":22,"column":16},"end":{"line":22,"column":65}},{"start":{"line":23,"column":16},"end":{"line":29,"column":43}}],"line":18},"14":{"loc":{"start":{"line":24,"column":20},"end":{"line":24,"column":128}},"type":"if","locations":[{"start":{"line":24,"column":20},"end":{"line":24,"column":128}},{"start":{"line":24,"column":20},"end":{"line":24,"column":128}}],"line":24},"15":{"loc":{"start":{"line":24,"column":24},"end":{"line":24,"column":106}},"type":"binary-expr","locations":[{"start":{"line":24,"column":24},"end":{"line":24,"column":74}},{"start":{"line":24,"column":79},"end":{"line":24,"column":90}},{"start":{"line":24,"column":94},"end":{"line":24,"column":105}}],"line":24},"16":{"loc":{"start":{"line":24,"column":42},"end":{"line":24,"column":73}},"type":"binary-expr","locations":[{"start":{"line":24,"column":42},"end":{"line":24,"column":54}},{"start":{"line":24,"column":58},"end":{"line":24,"column":73}}],"line":24},"17":{"loc":{"start":{"line":25,"column":20},"end":{"line":25,"column":106}},"type":"if","locations":[{"start":{"line":25,"column":20},"end":{"line":25,"column":106}},{"start":{"line":25,"column":20},"end":{"line":25,"column":106}}],"line":25},"18":{"loc":{"start":{"line":25,"column":24},"end":{"line":25,"column":77}},"type":"binary-expr","locations":[{"start":{"line":25,"column":24},"end":{"line":25,"column":35}},{"start":{"line":25,"column":40},"end":{"line":25,"column":42}},{"start":{"line":25,"column":47},"end":{"line":25,"column":59}},{"start":{"line":25,"column":63},"end":{"line":25,"column":75}}],"line":25},"19":{"loc":{"start":{"line":26,"column":20},"end":{"line":26,"column":89}},"type":"if","locations":[{"start":{"line":26,"column":20},"end":{"line":26,"column":89}},{"start":{"line":26,"column":20},"end":{"line":26,"column":89}}],"line":26},"20":{"loc":{"start":{"line":26,"column":24},"end":{"line":26,"column":53}},"type":"binary-expr","locations":[{"start":{"line":26,"column":24},"end":{"line":26,"column":35}},{"start":{"line":26,"column":39},"end":{"line":26,"column":53}}],"line":26},"21":{"loc":{"start":{"line":27,"column":20},"end":{"line":27,"column":87}},"type":"if","locations":[{"start":{"line":27,"column":20},"end":{"line":27,"column":87}},{"start":{"line":27,"column":20},"end":{"line":27,"column":87}}],"line":27},"22":{"loc":{"start":{"line":27,"column":24},"end":{"line":27,"column":43}},"type":"binary-expr","locations":[{"start":{"line":27,"column":24},"end":{"line":27,"column":25}},{"start":{"line":27,"column":29},"end":{"line":27,"column":43}}],"line":27},"23":{"loc":{"start":{"line":28,"column":20},"end":{"line":28,"column":42}},"type":"if","locations":[{"start":{"line":28,"column":20},"end":{"line":28,"column":42}},{"start":{"line":28,"column":20},"end":{"line":28,"column":42}}],"line":28},"24":{"loc":{"start":{"line":33,"column":8},"end":{"line":33,"column":35}},"type":"if","locations":[{"start":{"line":33,"column":8},"end":{"line":33,"column":35}},{"start":{"line":33,"column":8},"end":{"line":33,"column":35}}],"line":33},"25":{"loc":{"start":{"line":33,"column":52},"end":{"line":33,"column":74}},"type":"cond-expr","locations":[{"start":{"line":33,"column":60},"end":{"line":33,"column":65}},{"start":{"line":33,"column":68},"end":{"line":33,"column":74}}],"line":33}},"s":{"0":1,"1":0,"2":0,"3":0,"4":0,"5":0,"6":0,"7":0,"8":0,"9":0,"10":0,"11":1,"12":0,"13":0,"14":0,"15":0,"16":0,"17":0,"18":0,"19":0,"20":0,"21":0,"22":0,"23":0,"24":0,"25":0,"26":0,"27":0,"28":0,"29":0,"30":0,"31":0,"32":0,"33":0,"34":0,"35":0,"36":0,"37":0,"38":0,"39":0,"40":0,"41":0,"42":0,"43":0,"44":0,"45":0,"46":0,"47":0,"48":0,"49":0,"50":0,"51":0,"52":0,"53":0,"54":0,"55":0,"56":0,"57":0,"58":0,"59":0,"60":0,"61":0,"62":0,"63":0,"64":0,"65":0,"66":0,"67":0,"68":0,"69":0,"70":0,"71":0,"72":0,"73":0,"74":0,"75":0,"76":0,"77":0,"78":0},"f":{"0":0,"1":0,"2":0,"3":0,"4":0,"5":0,"6":0,"7":0,"8":0,"9":0,"10":0,"11":0,"12":0,"13":0,"14":0,"15":0,"16":0,"17":0},"b":{"0":[1,1,1],"1":[0,0],"2":[0,0],"3":[0,0],"4":[1,1,1],"5":[0,0],"6":[0,0],"7":[0,0],"8":[0,0],"9":[0,0,0],"10":[0,0],"11":[0,0],"12":[0,0],"13":[0,0,0,0,0,0],"14":[0,0],"15":[0,0,0],"16":[0,0],"17":[0,0],"18":[0,0,0,0],"19":[0,0],"20":[0,0],"21":[0,0],"22":[0,0],"23":[0,0],"24":[0,0],"25":[0,0]},"inputSourceMap":{"version":3,"file":"C:\\Users\\kikocuas\\Documents\\Devs\\klaxoon\\src\\api\\bookmarks.ts","sourceRoot":"","sources":["C:\\Users\\kikocuas\\Documents\\Devs\\klaxoon\\src\\api\\bookmarks.ts"],"names":[],"mappings":";;;;;;;;;;;;;;;;;;;;;;;;;;;;;;;;;;;AAAA,kBAAkB,KAAK;IACtB,IAAM,GAAG,GAAG,KAAK,CAAC,MAAM,GAAG,EAAE,CAAC;IAC9B,GAAG,CAAC,CAAC,IAAI,CAAC,GAAG,KAAK,CAAC,MAAM,EAAE,CAAC,GAAG,GAAG,EAAE,CAAC,EAAE,EAAE,CAAC;QACzC,IAAM,MAAI,GAAG,aAAa,GAAG,CAAC,CAAC;QAC/B,IAAM,IAAI,GAAG,QAAQ,CAAC;QACtB,IAAM,IAAI,GAAG,IAAI,IAAI,EAAE,CAAC;QACxB,IAAM,IAAI,GAAG;YACZ,IAAI,MAAA;YACJ,IAAI,QAAA;YACJ,IAAI,MAAA;SACJ,CAAC;QACF,KAAK,CAAC,IAAI,CAAC,IAAI,CAAC,CAAC;IAClB,CAAC;IACD,MAAM,CAAC,KAAK,CAAC;AACd,CAAC;AAED;;GAEG;AACH,eAAe;IACR,KAAK;;;gBACV,sBAAO,IAAI,OAAO,CAAC,UAAC,OAAO,EAAE,MAAM;wBAClC,UAAU,CAAC;4BACV,IAAM,KAAK,GAAG,QAAQ,CAAC,EAAE,CAAC,CAAC;4BAC3B,OAAO,CAAC,KAAK,CAAC,CAAC;wBAChB,CAAC,EAAE,GAAG,CAAC,CAAC;oBACT,CAAC,CAAC,EAAC;;;KACH;CACD,CAAC","sourcesContent":["function populate(array) {\r\n\tconst end = array.length + 10;\r\n\tfor (let i = array.length; i < end; i++) {\r\n\t\tconst name = \"innes.pref.\" + i;\r\n\t\tconst type = \"string\";\r\n\t\tconst date = new Date();\r\n\t\tconst pref = {\r\n\t\t\tdate,\r\n\t\t\tname,\r\n\t\t\ttype,\r\n\t\t};\r\n\t\tarray.push(pref);\r\n\t}\r\n\treturn array;\r\n}\r\n\r\n/**\r\n * Mocking client-server processing\r\n */\r\nexport default {\r\n\tasync fetch() {\r\n\t\treturn new Promise((resolve, reject) => {\r\n\t\t\tsetTimeout(() => {\r\n\t\t\t\tconst items = populate([]);\r\n\t\t\t\tresolve(items);\r\n\t\t\t}, 100);\r\n\t\t});\r\n\t},\r\n};\r\n"]},"_coverageSchema":"332fd63041d2c1bcb487cc26dd0d5f7d97098a6c","hash":"dc3e84101ed097baec0634357d3023e1446ef3e7","l":{"1":1,"2":0,"3":0,"4":0,"5":0,"6":0,"9":1,"10":0,"11":0,"12":0,"14":0,"15":0,"16":0,"17":0,"18":0,"19":0,"20":0,"21":0,"22":0,"24":0,"25":0,"26":0,"27":0,"28":0,"29":0,"31":0,"32":0,"33":0,"37":0,"38":0,"39":0,"40":0,"41":0,"42":0,"47":0,"49":0,"56":0,"57":0,"58":0,"59":0,"60":0,"61":0}},
"C:\\Users\\kikocuas\\Documents\\Devs\\klaxoon\\src\\store\\bookmarks\\bookmarks.ts":{"path":"C:\\Users\\kikocuas\\Documents\\Devs\\klaxoon\\src\\store\\bookmarks\\bookmarks.ts","statementMap":{"0":{"start":{"line":2,"column":21},"end":{"line":4,"column":1}},"1":{"start":{"line":5,"column":14},"end":{"line":9,"column":1}},"2":{"start":{"line":7,"column":8},"end":{"line":7,"column":27}},"3":{"start":{"line":11,"column":23},"end":{"line":15,"column":1}},"4":{"start":{"line":13,"column":8},"end":{"line":13,"column":28}},"5":{"start":{"line":17,"column":21},"end":{"line":23,"column":1}},"6":{"start":{"line":19,"column":8},"end":{"line":21,"column":11}},"7":{"start":{"line":20,"column":12},"end":{"line":20,"column":59}},"8":{"start":{"line":24,"column":32},"end":{"line":24,"column":100}},"9":{"start":{"line":24,"column":51},"end":{"line":24,"column":98}},"10":{"start":{"line":25,"column":26},"end":{"line":27,"column":1}},"11":{"start":{"line":26,"column":4},"end":{"line":26,"column":51}},"12":{"start":{"line":28,"column":23},"end":{"line":33,"column":1}}},"fnMap":{"0":{"name":"(anonymous_0)","decl":{"start":{"line":6,"column":14},"end":{"line":6,"column":15}},"loc":{"start":{"line":6,"column":31},"end":{"line":8,"column":5}},"line":6},"1":{"name":"(anonymous_1)","decl":{"start":{"line":12,"column":14},"end":{"line":12,"column":15}},"loc":{"start":{"line":12,"column":38},"end":{"line":14,"column":5}},"line":12},"2":{"name":"(anonymous_2)","decl":{"start":{"line":18,"column":16},"end":{"line":18,"column":17}},"loc":{"start":{"line":18,"column":35},"end":{"line":22,"column":5}},"line":18},"3":{"name":"(anonymous_3)","decl":{"start":{"line":19,"column":34},"end":{"line":19,"column":35}},"loc":{"start":{"line":19,"column":51},"end":{"line":21,"column":9}},"line":19},"4":{"name":"(anonymous_4)","decl":{"start":{"line":24,"column":32},"end":{"line":24,"column":33}},"loc":{"start":{"line":24,"column":49},"end":{"line":24,"column":100}},"line":24},"5":{"name":"(anonymous_5)","decl":{"start":{"line":25,"column":26},"end":{"line":25,"column":27}},"loc":{"start":{"line":25,"column":43},"end":{"line":27,"column":1}},"line":25}},"branchMap":{},"s":{"0":1,"1":1,"2":0,"3":1,"4":0,"5":1,"6":0,"7":0,"8":1,"9":0,"10":1,"11":0,"12":1},"f":{"0":0,"1":0,"2":0,"3":0,"4":0,"5":0},"b":{},"inputSourceMap":{"version":3,"file":"C:\\Users\\kikocuas\\Documents\\Devs\\klaxoon\\src\\store\\bookmarks\\bookmarks.ts","sourceRoot":"","sources":["C:\\Users\\kikocuas\\Documents\\Devs\\klaxoon\\src\\store\\bookmarks\\bookmarks.ts"],"names":[],"mappings":"AAKA,OAAO,YAAY,MAAM,qBAAqB,CAAC;AAI/C,IAAM,cAAc,GAAoB;IACvC,KAAK,EAAE,EAAE;CACT,CAAC;AAEF,IAAM,OAAO,GAAG;IACf,QAAQ,EAAE,UAAC,KAAsB;QAChC,MAAM,CAAC,KAAK,CAAC,KAAK,CAAC;IACpB,CAAC;CACD,CAAC;AAEF,uBAAuB;AACvB,MAAM,CAAC,IAAM,SAAS,GAAG;IACxB,QAAQ,YAAC,KAAsB,EAAE,KAAkB;QAClD,KAAK,CAAC,KAAK,GAAG,KAAK,CAAC;IACrB,CAAC;CACD,CAAC;AAEF,uBAAuB;AACvB,MAAM,CAAC,IAAM,OAAO,GAAG;IACtB,UAAU,YAAC,OAAyB;QACnC,YAAY,CAAC,KAAK,EAAE,CAAC,IAAI,CAAC,UAAC,KAAK;YAC/B,OAAO,CAAC,MAAM,CAAC,SAAS,CAAC,QAAQ,CAAC,IAAI,EAAE,KAAK,CAAC,CAAC;QAChD,CAAC,CAAC,CAAC;IACJ,CAAC;CACD,CAAC;AAEF,MAAM,CAAC,IAAM,kBAAkB,GAAG,UAAC,KAAiB,IAAK,OAAA,KAAK,CAAC,QAAQ,CAAC,OAAO,CAAC,UAAU,CAAC,IAAI,CAAC,EAAvC,CAAuC,CAAC;AACjG,MAAM,CAAC,IAAM,YAAY,GAAG,UAAC,KAAiB;IAC7C,MAAM,CAAC,OAAO,CAAC,QAAQ,CAAC,KAAK,CAAC,KAAK,CAAC,SAAS,CAAC,CAAC;AAChD,CAAC,CAAC;AAEF,MAAM,CAAC,IAAM,SAAS,GAAG;IACxB,OAAO,SAAA;IACP,OAAO,SAAA;IACP,SAAS,WAAA;IACT,KAAK,EAAE,cAAc;CACrB,CAAC","sourcesContent":["import { ActionContext, Store } from \"vuex\";\r\n\r\nimport { IState as RootState } from \"../state\";\r\nimport { IBookmark, IBookmarksState } from \"./bookmarksState\";\r\n\r\nimport apiBookmarks from \"../../api/bookmarks\";\r\n\r\ntype BookmarksContext = ActionContext<IBookmarksState, RootState>;\r\n\r\nconst bookmarksState: IBookmarksState = {\r\n\titems: [],\r\n};\r\n\r\nconst getters = {\r\n\tgetItems: (state: IBookmarksState) => {\r\n\t\treturn state.items;\r\n\t},\r\n};\r\n\r\n// Export for unit-test\r\nexport const mutations = {\r\n\tsetItems(state: IBookmarksState, items: IBookmark[]) {\r\n\t\tstate.items = items;\r\n\t},\r\n};\r\n\r\n// Export for unit-test\r\nexport const actions = {\r\n\tfetchItems(context: BookmarksContext) {\r\n\t\tapiBookmarks.fetch().then((items) => {\r\n\t\t\tcontext.commit(mutations.setItems.name, items);\r\n\t\t});\r\n\t},\r\n};\r\n\r\nexport const dispatchFetchItems = (store: Store<any>) => store.dispatch(actions.fetchItems.name);\r\nexport const getBookmarks = (store: Store<any>) => {\r\n\treturn getters.getItems(store.state.bookmarks);\r\n};\r\n\r\nexport const bookmarks = {\r\n\tactions,\r\n\tgetters,\r\n\tmutations,\r\n\tstate: bookmarksState,\r\n};\r\n"]},"_coverageSchema":"332fd63041d2c1bcb487cc26dd0d5f7d97098a6c","hash":"e849abdcaf810e2375f4ad642832ca477f2e771a","l":{"2":1,"5":1,"7":0,"11":1,"13":0,"17":1,"19":0,"20":0,"24":1,"25":1,"26":0,"28":1}},
"C:\\Users\\kikocuas\\Documents\\Devs\\klaxoon\\src\\store\\bookmarks\\index.ts":{"path":"C:\\Users\\kikocuas\\Documents\\Devs\\klaxoon\\src\\store\\bookmarks\\index.ts","statementMap":{},"fnMap":{},"branchMap":{},"s":{},"f":{},"b":{},"inputSourceMap":{"version":3,"file":"C:\\Users\\kikocuas\\Documents\\Devs\\klaxoon\\src\\store\\bookmarks\\index.ts","sourceRoot":"","sources":["C:\\Users\\kikocuas\\Documents\\Devs\\klaxoon\\src\\store\\bookmarks\\index.ts"],"names":[],"mappings":"AACA,cAAc,aAAa,CAAC","sourcesContent":["export * from \"./bookmarksState\";\r\nexport * from \"./bookmarks\";\r\n"]},"_coverageSchema":"332fd63041d2c1bcb487cc26dd0d5f7d97098a6c","hash":"6e7aa52b83b524a211b2f3199ca264178f41a839","l":{}},
"C:\\Users\\kikocuas\\Documents\\Devs\\klaxoon\\src\\router\\index.ts":{"path":"C:\\Users\\kikocuas\\Documents\\Devs\\klaxoon\\src\\router\\index.ts","statementMap":{"0":{"start":{"line":6,"column":0},"end":{"line":6,"column":19}}},"fnMap":{},"branchMap":{},"s":{"0":1},"f":{},"b":{},"inputSourceMap":{"version":3,"file":"C:\\Users\\kikocuas\\Documents\\Devs\\klaxoon\\src\\router\\index.ts","sourceRoot":"","sources":["C:\\Users\\kikocuas\\Documents\\Devs\\klaxoon\\src\\router\\index.ts"],"names":[],"mappings":"AAAA,8DAA8D;AAC9D,0DAA0D;AAC1D,OAAO,YAAY,MAAM,+BAA+B,CAAC;AACzD,OAAO,GAAG,MAAM,KAAK,CAAC;AACtB,OAAO,SAAS,MAAM,YAAY,CAAC;AAEnC,GAAG,CAAC,GAAG,CAAC,SAAS,CAAC,CAAC;AAEnB,eAAe,IAAI,SAAS,CAAC;IAC5B,MAAM,EAAE;QACP;YACC,SAAS,EAAE,YAAY;YACvB,IAAI,EAAE,WAAW;YACjB,IAAI,EAAE,YAAY;SAClB;KAMD;CACD,CAAC,CAAC","sourcesContent":["// import Administrator from \"@/components/Administrator.vue\";\n// import Preferences from \"@/components/Preferences.vue\";\nimport BookmarkList from \"@/components/BookmarkList.vue\";\nimport Vue from \"vue\";\nimport VueRouter from \"vue-router\";\n\nVue.use(VueRouter);\n\nexport default new VueRouter({\n\troutes: [\n\t\t{\n\t\t\tcomponent: BookmarkList,\n\t\t\tname: \"bookmarks\",\n\t\t\tpath: \"/bookmarks\",\n\t\t},\n\t\t// {\n\t\t// \tcomponent: Preferences,\n\t\t// \tname: \"preferences\",\n\t\t// \tpath: \"/maintenance/preferences\",\n\t\t// },\n\t],\n});\n"]},"_coverageSchema":"332fd63041d2c1bcb487cc26dd0d5f7d97098a6c","hash":"4ad76b3429fda71108386006ccc1622b07f6273c","l":{"6":1}},
"C:\\Users\\kikocuas\\Documents\\Devs\\klaxoon\\src\\store\\bookmarks\\bookmarksState.ts":{"path":"C:\\Users\\kikocuas\\Documents\\Devs\\klaxoon\\src\\store\\bookmarks\\bookmarksState.ts","statementMap":{},"fnMap":{},"branchMap":{},"s":{},"f":{},"b":{},"inputSourceMap":{"version":3,"file":"C:\\Users\\kikocuas\\Documents\\Devs\\klaxoon\\src\\store\\bookmarks\\bookmarksState.ts","sourceRoot":"","sources":["C:\\Users\\kikocuas\\Documents\\Devs\\klaxoon\\src\\store\\bookmarks\\bookmarksState.ts"],"names":[],"mappings":"","sourcesContent":["export interface IBookmark {\r\n\turl: string;\r\n\ttitle: string;\r\n\tauthor: string;\r\n\tdate: Date;\r\n}\r\n\r\nexport interface IVideo {\r\n\twidth: string;\r\n\theight: string;\r\n\tduration: string;\r\n}\r\n\r\nexport interface IPhoto {\r\n\twidth: string;\r\n\theight: string;\r\n}\r\n\r\nexport interface IBookmarksState {\r\n\titems: IBookmark[];\r\n}\r\n"]},"_coverageSchema":"332fd63041d2c1bcb487cc26dd0d5f7d97098a6c","hash":"eeacf053956f8d7cdc8699cceffa4c2a5c48fc6d","l":{}},
"C:\\Users\\kikocuas\\Documents\\Devs\\klaxoon\\src\\store\\store.ts":{"path":"C:\\Users\\kikocuas\\Documents\\Devs\\klaxoon\\src\\store\\store.ts","statementMap":{"0":{"start":{"line":3,"column":25},"end":{"line":7,"column":5}},"1":{"start":{"line":3,"column":39},"end":{"line":7,"column":3}}},"fnMap":{"0":{"name":"(anonymous_0)","decl":{"start":{"line":3,"column":25},"end":{"line":3,"column":26}},"loc":{"start":{"line":3,"column":37},"end":{"line":7,"column":5}},"line":3}},"branchMap":{},"s":{"0":1,"1":0},"f":{"0":0},"b":{},"inputSourceMap":{"version":3,"file":"C:\\Users\\kikocuas\\Documents\\Devs\\klaxoon\\src\\store\\store.ts","sourceRoot":"","sources":["C:\\Users\\kikocuas\\Documents\\Devs\\klaxoon\\src\\store\\store.ts"],"names":[],"mappings":"AAAA,OAAO,IAAI,MAAM,MAAM,CAAC;AACxB,OAAO,EAAE,SAAS,EAAE,MAAM,aAAa,CAAC;AAGxC,MAAM,CAAC,IAAM,WAAW,GAAG,cAAM,OAAA,IAAI,IAAI,CAAC,KAAK,CAAS;IACvD,OAAO,EAAE;QACR,SAAS,WAAA;KACT;CACD,CAAC,EAJ+B,CAI/B,CAAC","sourcesContent":["import Vuex from \"vuex\";\r\nimport { bookmarks } from \"./bookmarks\";\r\nimport { IState } from \"./state\";\r\n\r\nexport const createStore = () => new Vuex.Store<IState>({\r\n\tmodules: {\r\n\t\tbookmarks,\r\n\t},\r\n});\r\n"]},"_coverageSchema":"332fd63041d2c1bcb487cc26dd0d5f7d97098a6c","hash":"534a97929c04ded0708430551bfafb899e454700","l":{"3":1}},
"C:\\Users\\kikocuas\\Documents\\Devs\\klaxoon\\src\\store\\index.ts":{"path":"C:\\Users\\kikocuas\\Documents\\Devs\\klaxoon\\src\\store\\index.ts","statementMap":{},"fnMap":{},"branchMap":{},"s":{},"f":{},"b":{},"inputSourceMap":{"version":3,"file":"C:\\Users\\kikocuas\\Documents\\Devs\\klaxoon\\src\\store\\index.ts","sourceRoot":"","sources":["C:\\Users\\kikocuas\\Documents\\Devs\\klaxoon\\src\\store\\index.ts"],"names":[],"mappings":"AACA,cAAc,SAAS,CAAC","sourcesContent":["export * from \"./state\";\r\nexport * from \"./store\";\r\n"]},"_coverageSchema":"332fd63041d2c1bcb487cc26dd0d5f7d97098a6c","hash":"469ab93c77fdd6d23fc7c740c3366bdb508f455b","l":{}},
"C:\\Users\\kikocuas\\Documents\\Devs\\klaxoon\\src\\store\\state.ts":{"path":"C:\\Users\\kikocuas\\Documents\\Devs\\klaxoon\\src\\store\\state.ts","statementMap":{},"fnMap":{},"branchMap":{},"s":{},"f":{},"b":{},"inputSourceMap":{"version":3,"file":"C:\\Users\\kikocuas\\Documents\\Devs\\klaxoon\\src\\store\\state.ts","sourceRoot":"","sources":["C:\\Users\\kikocuas\\Documents\\Devs\\klaxoon\\src\\store\\state.ts"],"names":[],"mappings":"","sourcesContent":["import { IBookmarksState } from \"./bookmarks/bookmarksState\";\r\n\r\nexport interface IState {\r\n\tbookmarks: IBookmarksState;\r\n}\r\n"]},"_coverageSchema":"332fd63041d2c1bcb487cc26dd0d5f7d97098a6c","hash":"566f65c6514e218470f299469605b1ffe6674b1c","l":{}}}
